app/build/outputs/logs/manifest-merger-debug-report.txt
-- Merging decision tree log ---
manifest
ADDED from src\main\AndroidManifest.xml:2:1-73:12
	package
		ADDED from src\main\AndroidManifest.xml:3:5-36
		INJECTED from src\main\AndroidManifest.xml
		INJECTED from src\main\AndroidManifest.xml
	android:versionName
		ADDED from src\main\AndroidManifest.xml:5:5-30
	android:versionCode
		ADDED from src\main\AndroidManifest.xml:4:5-28
		INJECTED from src\main\AndroidManifest.xml
		INJECTED from src\main\AndroidManifest.xml
	xmlns:android
		ADDED from src\main\AndroidManifest.xml:2:11-69
uses-sdk
ADDED from src\main\AndroidManifest.xml:7:5-9:41
MERGED from [com.google.android.gms:play-services:8.3.0] AndroidManifest.xml:18:5-42
MERGED from [com.google.android.gms:play-services-ads:8.3.0] AndroidManifest.xml:23:5-42
MERGED from [com.google.android.gms:play-services-basement:8.3.0] AndroidManifest.xml:18:5-42
MERGED from [com.android.support:support-v4:22.2.0] AndroidManifest.xml:20:5-43
MERGED from [com.google.android.gms:play-services-analytics:8.3.0] AndroidManifest.xml:18:5-42
MERGED from [com.google.android.gms:play-services-basement:8.3.0] AndroidManifest.xml:18:5-42
MERGED from [com.android.support:support-v4:22.2.0] AndroidManifest.xml:20:5-43
MERGED from [com.google.android.gms:play-services-appindexing:8.3.0] AndroidManifest.xml:18:5-42
MERGED from [com.google.android.gms:play-services-basement:8.3.0] AndroidManifest.xml:18:5-42
MERGED from [com.android.support:support-v4:22.2.0] AndroidManifest.xml:20:5-43
MERGED from [com.google.android.gms:play-services-appinvite:8.3.0] AndroidManifest.xml:18:5-42
MERGED from [com.google.android.gms:play-services-base:8.3.0] AndroidManifest.xml:18:5-42
MERGED from [com.google.android.gms:play-services-basement:8.3.0] AndroidManifest.xml:18:5-42
MERGED from [com.android.support:support-v4:22.2.0] AndroidManifest.xml:20:5-43
MERGED from [com.google.android.gms:play-services-appstate:8.3.0] AndroidManifest.xml:18:5-42
MERGED from [com.google.android.gms:play-services-base:8.3.0] AndroidManifest.xml:18:5-42
MERGED from [com.google.android.gms:play-services-basement:8.3.0] AndroidManifest.xml:18:5-42
MERGED from [com.android.support:support-v4:22.2.0] AndroidManifest.xml:20:5-43
MERGED from [com.google.android.gms:play-services-auth:8.3.0] AndroidManifest.xml:18:5-43
MERGED from [com.google.android.gms:play-services-base:8.3.0] AndroidManifest.xml:18:5-42
MERGED from [com.google.android.gms:play-services-basement:8.3.0] AndroidManifest.xml:18:5-42
MERGED from [com.android.support:support-v4:22.2.0] AndroidManifest.xml:20:5-43
MERGED from [com.google.android.gms:play-services-base:8.3.0] AndroidManifest.xml:18:5-42
MERGED from [com.google.android.gms:play-services-basement:8.3.0] AndroidManifest.xml:18:5-42
MERGED from [com.android.support:support-v4:22.2.0] AndroidManifest.xml:20:5-43
MERGED from [com.google.android.gms:play-services-basement:8.3.0] AndroidManifest.xml:18:5-42
MERGED from [com.android.support:support-v4:22.2.0] AndroidManifest.xml:20:5-43
MERGED from [com.google.android.gms:play-services-cast:8.3.0] AndroidManifest.xml:18:5-42
MERGED from [com.google.android.gms:play-services-base:8.3.0] AndroidManifest.xml:18:5-42
MERGED from [com.google.android.gms:play-services-basement:8.3.0] AndroidManifest.xml:18:5-42
MERGED from [com.android.support:support-v4:22.2.0] AndroidManifest.xml:20:5-43
MERGED from [com.android.support:mediarouter-v7:22.2.0] AndroidManifest.xml:20:5-43
MERGED from [com.android.support:appcompat-v7:22.2.0] AndroidManifest.xml:20:5-43
MERGED from [com.android.support:support-v4:22.2.0] AndroidManifest.xml:20:5-43
MERGED from [com.google.android.gms:play-services-drive:8.3.0] AndroidManifest.xml:18:5-42
MERGED from [com.google.android.gms:play-services-base:8.3.0] AndroidManifest.xml:18:5-42
MERGED from [com.google.android.gms:play-services-basement:8.3.0] AndroidManifest.xml:18:5-42
MERGED from [com.android.support:support-v4:22.2.0] AndroidManifest.xml:20:5-43
MERGED from [com.google.android.gms:play-services-fitness:8.3.0] AndroidManifest.xml:18:5-42
MERGED from [com.google.android.gms:play-services-base:8.3.0] AndroidManifest.xml:18:5-42
MERGED from [com.google.android.gms:play-services-basement:8.3.0] AndroidManifest.xml:18:5-42
MERGED from [com.android.support:support-v4:22.2.0] AndroidManifest.xml:20:5-43
MERGED from [com.google.android.gms:play-services-location:8.3.0] AndroidManifest.xml:18:5-42
MERGED from [com.google.android.gms:play-services-base:8.3.0] AndroidManifest.xml:18:5-42
MERGED from [com.google.android.gms:play-services-basement:8.3.0] AndroidManifest.xml:18:5-42
MERGED from [com.android.support:support-v4:22.2.0] AndroidManifest.xml:20:5-43
MERGED from [com.google.android.gms:play-services-maps:8.3.0] AndroidManifest.xml:26:5-42
MERGED from [com.google.android.gms:play-services-base:8.3.0] AndroidManifest.xml:18:5-42
MERGED from [com.google.android.gms:play-services-basement:8.3.0] AndroidManifest.xml:18:5-42
MERGED from [com.android.support:support-v4:22.2.0] AndroidManifest.xml:20:5-43
MERGED from [com.google.android.gms:play-services-games:8.3.0] AndroidManifest.xml:18:5-42
MERGED from [com.google.android.gms:play-services-base:8.3.0] AndroidManifest.xml:18:5-42
MERGED from [com.google.android.gms:play-services-basement:8.3.0] AndroidManifest.xml:18:5-42
MERGED from [com.android.support:support-v4:22.2.0] AndroidManifest.xml:20:5-43
MERGED from [com.google.android.gms:play-services-drive:8.3.0] AndroidManifest.xml:18:5-42
MERGED from [com.google.android.gms:play-services-base:8.3.0] AndroidManifest.xml:18:5-42
MERGED from [com.google.android.gms:play-services-basement:8.3.0] AndroidManifest.xml:18:5-42
MERGED from [com.android.support:support-v4:22.2.0] AndroidManifest.xml:20:5-43
MERGED from [com.google.android.gms:play-services-gcm:8.3.0] AndroidManifest.xml:18:5-42
MERGED from [com.google.android.gms:play-services-base:8.3.0] AndroidManifest.xml:18:5-42
MERGED from [com.google.android.gms:play-services-basement:8.3.0] AndroidManifest.xml:18:5-42
MERGED from [com.android.support:support-v4:22.2.0] AndroidManifest.xml:20:5-43
MERGED from [com.google.android.gms:play-services-measurement:8.3.0] AndroidManifest.xml:18:5-42
MERGED from [com.google.android.gms:play-services-basement:8.3.0] AndroidManifest.xml:18:5-42
MERGED from [com.android.support:support-v4:22.2.0] AndroidManifest.xml:20:5-43
MERGED from [com.google.android.gms:play-services-identity:8.3.0] AndroidManifest.xml:18:5-42
MERGED from [com.google.android.gms:play-services-base:8.3.0] AndroidManifest.xml:18:5-42
MERGED from [com.google.android.gms:play-services-basement:8.3.0] AndroidManifest.xml:18:5-42
MERGED from [com.android.support:support-v4:22.2.0] AndroidManifest.xml:20:5-43
MERGED from [com.google.android.gms:play-services-location:8.3.0] AndroidManifest.xml:18:5-42
MERGED from [com.google.android.gms:play-services-base:8.3.0] AndroidManifest.xml:18:5-42
MERGED from [com.google.android.gms:play-services-basement:8.3.0] AndroidManifest.xml:18:5-42
MERGED from [com.android.support:support-v4:22.2.0] AndroidManifest.xml:20:5-43
MERGED from [com.google.android.gms:play-services-maps:8.3.0] AndroidManifest.xml:26:5-42
MERGED from [com.google.android.gms:play-services-base:8.3.0] AndroidManifest.xml:18:5-42
MERGED from [com.google.android.gms:play-services-basement:8.3.0] AndroidManifest.xml:18:5-42
MERGED from [com.android.support:support-v4:22.2.0] AndroidManifest.xml:20:5-43
MERGED from [com.google.android.gms:play-services-maps:8.3.0] AndroidManifest.xml:26:5-42
MERGED from [com.google.android.gms:play-services-base:8.3.0] AndroidManifest.xml:18:5-42
MERGED from [com.google.android.gms:play-services-basement:8.3.0] AndroidManifest.xml:18:5-42
MERGED from [com.android.support:support-v4:22.2.0] AndroidManifest.xml:20:5-43
MERGED from [com.google.android.gms:play-services-measurement:8.3.0] AndroidManifest.xml:18:5-42
MERGED from [com.google.android.gms:play-services-basement:8.3.0] AndroidManifest.xml:18:5-42
MERGED from [com.android.support:support-v4:22.2.0] AndroidManifest.xml:20:5-43
MERGED from [com.google.android.gms:play-services-nearby:8.3.0] AndroidManifest.xml:18:5-42
MERGED from [com.google.android.gms:play-services-base:8.3.0] AndroidManifest.xml:18:5-42
MERGED from [com.google.android.gms:play-services-basement:8.3.0] AndroidManifest.xml:18:5-42
MERGED from [com.android.support:support-v4:22.2.0] AndroidManifest.xml:20:5-43
MERGED from [com.google.android.gms:play-services-panorama:8.3.0] AndroidManifest.xml:18:5-42
MERGED from [com.google.android.gms:play-services-base:8.3.0] AndroidManifest.xml:18:5-42
MERGED from [com.google.android.gms:play-services-basement:8.3.0] AndroidManifest.xml:18:5-42
MERGED from [com.android.support:support-v4:22.2.0] AndroidManifest.xml:20:5-43
MERGED from [com.google.android.gms:play-services-plus:8.3.0] AndroidManifest.xml:18:5-42
MERGED from [com.google.android.gms:play-services-base:8.3.0] AndroidManifest.xml:18:5-42
MERGED from [com.google.android.gms:play-services-basement:8.3.0] AndroidManifest.xml:18:5-42
MERGED from [com.android.support:support-v4:22.2.0] AndroidManifest.xml:20:5-43
MERGED from [com.google.android.gms:play-services-safetynet:8.3.0] AndroidManifest.xml:18:5-42
MERGED from [com.google.android.gms:play-services-base:8.3.0] AndroidManifest.xml:18:5-42
MERGED from [com.google.android.gms:play-services-basement:8.3.0] AndroidManifest.xml:18:5-42
MERGED from [com.android.support:support-v4:22.2.0] AndroidManifest.xml:20:5-43
MERGED from [com.google.android.gms:play-services-vision:8.3.0] AndroidManifest.xml:4:5-42
MERGED from [com.google.android.gms:play-services-base:8.3.0] AndroidManifest.xml:18:5-42
MERGED from [com.google.android.gms:play-services-basement:8.3.0] AndroidManifest.xml:18:5-42
MERGED from [com.android.support:support-v4:22.2.0] AndroidManifest.xml:20:5-43
MERGED from [com.google.android.gms:play-services-wallet:8.3.0] AndroidManifest.xml:19:5-42
MERGED from [com.google.android.gms:play-services-base:8.3.0] AndroidManifest.xml:18:5-42
MERGED from [com.google.android.gms:play-services-basement:8.3.0] AndroidManifest.xml:18:5-42
MERGED from [com.android.support:support-v4:22.2.0] AndroidManifest.xml:20:5-43
MERGED from [com.google.android.gms:play-services-identity:8.3.0] AndroidManifest.xml:18:5-42
MERGED from [com.google.android.gms:play-services-base:8.3.0] AndroidManifest.xml:18:5-42
MERGED from [com.google.android.gms:play-services-basement:8.3.0] AndroidManifest.xml:18:5-42
MERGED from [com.android.support:support-v4:22.2.0] AndroidManifest.xml:20:5-43
MERGED from [com.google.android.gms:play-services-maps:8.3.0] AndroidManifest.xml:26:5-42
MERGED from [com.google.android.gms:play-services-base:8.3.0] AndroidManifest.xml:18:5-42
MERGED from [com.google.android.gms:play-services-basement:8.3.0] AndroidManifest.xml:18:5-42
MERGED from [com.android.support:support-v4:22.2.0] AndroidManifest.xml:20:5-43
MERGED from [com.google.android.gms:play-services-wearable:8.3.0] AndroidManifest.xml:18:5-42
MERGED from [com.google.android.gms:play-services-base:8.3.0] AndroidManifest.xml:18:5-42
MERGED from [com.google.android.gms:play-services-basement:8.3.0] AndroidManifest.xml:18:5-42
MERGED from [com.android.support:support-v4:22.2.0] AndroidManifest.xml:20:5-43
	android:targetSdkVersion
		ADDED from src\main\AndroidManifest.xml:9:9-38
		INJECTED from src\main\AndroidManifest.xml
		INJECTED from src\main\AndroidManifest.xml
	android:minSdkVersion
		ADDED from src\main\AndroidManifest.xml:8:9-35
		INJECTED from src\main\AndroidManifest.xml
		INJECTED from src\main\AndroidManifest.xml
uses-permission#com.google.android.providers.gsf.permission.READ_GSERVICES
ADDED from src\main\AndroidManifest.xml:11:5-97
	android:name
		ADDED from src\main\AndroidManifest.xml:11:22-95
uses-permission#android.permission.INTERNET
ADDED from src\main\AndroidManifest.xml:12:5-66
MERGED from [com.google.android.gms:play-services-ads:8.3.0] AndroidManifest.xml:20:5-66
MERGED from [com.google.android.gms:play-services-analytics:8.3.0] AndroidManifest.xml:21:5-67
MERGED from [com.google.android.gms:play-services-appinvite:8.3.0] AndroidManifest.xml:19:5-67
MERGED from [com.google.android.gms:play-services-maps:8.3.0] AndroidManifest.xml:21:5-66
MERGED from [com.google.android.gms:play-services-gcm:8.3.0] AndroidManifest.xml:22:5-67
MERGED from [com.google.android.gms:play-services-measurement:8.3.0] AndroidManifest.xml:21:5-67
MERGED from [com.google.android.gms:play-services-maps:8.3.0] AndroidManifest.xml:21:5-66
MERGED from [com.google.android.gms:play-services-maps:8.3.0] AndroidManifest.xml:21:5-66
MERGED from [com.google.android.gms:play-services-measurement:8.3.0] AndroidManifest.xml:21:5-67
MERGED from [com.google.android.gms:play-services-wallet:8.3.0] AndroidManifest.xml:20:5-66
MERGED from [com.google.android.gms:play-services-maps:8.3.0] AndroidManifest.xml:21:5-66
	android:name
		ADDED from src\main\AndroidManifest.xml:12:22-64
uses-permission#android.permission.ACCESS_FINE_LOCATION
ADDED from src\main\AndroidManifest.xml:13:5-79
	android:name
		ADDED from src\main\AndroidManifest.xml:13:22-76
application
ADDED from src\main\AndroidManifest.xml:17:5-71:19
MERGED from [com.google.android.gms:play-services:8.3.0] AndroidManifest.xml:19:5-20
MERGED from [com.google.android.gms:play-services-ads:8.3.0] AndroidManifest.xml:24:5-32:19
MERGED from [com.google.android.gms:play-services-basement:8.3.0] AndroidManifest.xml:20:5-24:19
MERGED from [com.android.support:support-v4:22.2.0] AndroidManifest.xml:22:5-20
MERGED from [com.google.android.gms:play-services-analytics:8.3.0] AndroidManifest.xml:24:5-20
MERGED from [com.google.android.gms:play-services-basement:8.3.0] AndroidManifest.xml:20:5-24:19
MERGED from [com.android.support:support-v4:22.2.0] AndroidManifest.xml:22:5-20
MERGED from [com.google.android.gms:play-services-appindexing:8.3.0] AndroidManifest.xml:19:5-20
MERGED from [com.google.android.gms:play-services-basement:8.3.0] AndroidManifest.xml:20:5-24:19
MERGED from [com.android.support:support-v4:22.2.0] AndroidManifest.xml:22:5-20
MERGED from [com.google.android.gms:play-services-appinvite:8.3.0] AndroidManifest.xml:20:5-20
MERGED from [com.google.android.gms:play-services-basement:8.3.0] AndroidManifest.xml:20:5-24:19
MERGED from [com.android.support:support-v4:22.2.0] AndroidManifest.xml:22:5-20
MERGED from [com.google.android.gms:play-services-appstate:8.3.0] AndroidManifest.xml:19:5-20
MERGED from [com.google.android.gms:play-services-basement:8.3.0] AndroidManifest.xml:20:5-24:19
MERGED from [com.android.support:support-v4:22.2.0] AndroidManifest.xml:22:5-20
MERGED from [com.google.android.gms:play-services-auth:8.3.0] AndroidManifest.xml:20:5-25:19
MERGED from [com.google.android.gms:play-services-basement:8.3.0] AndroidManifest.xml:20:5-24:19
MERGED from [com.android.support:support-v4:22.2.0] AndroidManifest.xml:22:5-20
MERGED from [com.google.android.gms:play-services-basement:8.3.0] AndroidManifest.xml:20:5-24:19
MERGED from [com.android.support:support-v4:22.2.0] AndroidManifest.xml:22:5-20
MERGED from [com.google.android.gms:play-services-basement:8.3.0] AndroidManifest.xml:20:5-24:19
MERGED from [com.android.support:support-v4:22.2.0] AndroidManifest.xml:22:5-20
MERGED from [com.google.android.gms:play-services-cast:8.3.0] AndroidManifest.xml:19:5-20
MERGED from [com.google.android.gms:play-services-basement:8.3.0] AndroidManifest.xml:20:5-24:19
MERGED from [com.android.support:support-v4:22.2.0] AndroidManifest.xml:22:5-20
MERGED from [com.android.support:mediarouter-v7:22.2.0] AndroidManifest.xml:22:5-20
MERGED from [com.android.support:appcompat-v7:22.2.0] AndroidManifest.xml:22:5-20
MERGED from [com.android.support:support-v4:22.2.0] AndroidManifest.xml:22:5-20
MERGED from [com.google.android.gms:play-services-drive:8.3.0] AndroidManifest.xml:19:5-20
MERGED from [com.google.android.gms:play-services-basement:8.3.0] AndroidManifest.xml:20:5-24:19
MERGED from [com.android.support:support-v4:22.2.0] AndroidManifest.xml:22:5-20
MERGED from [com.google.android.gms:play-services-fitness:8.3.0] AndroidManifest.xml:19:5-20
MERGED from [com.google.android.gms:play-services-basement:8.3.0] AndroidManifest.xml:20:5-24:19
MERGED from [com.android.support:support-v4:22.2.0] AndroidManifest.xml:22:5-20
MERGED from [com.google.android.gms:play-services-location:8.3.0] AndroidManifest.xml:19:5-20
MERGED from [com.google.android.gms:play-services-basement:8.3.0] AndroidManifest.xml:20:5-24:19
MERGED from [com.android.support:support-v4:22.2.0] AndroidManifest.xml:22:5-20
MERGED from [com.google.android.gms:play-services-maps:8.3.0] AndroidManifest.xml:27:5-20
MERGED from [com.google.android.gms:play-services-basement:8.3.0] AndroidManifest.xml:20:5-24:19
MERGED from [com.android.support:support-v4:22.2.0] AndroidManifest.xml:22:5-20
MERGED from [com.google.android.gms:play-services-games:8.3.0] AndroidManifest.xml:19:5-20
MERGED from [com.google.android.gms:play-services-basement:8.3.0] AndroidManifest.xml:20:5-24:19
MERGED from [com.android.support:support-v4:22.2.0] AndroidManifest.xml:22:5-20
MERGED from [com.google.android.gms:play-services-drive:8.3.0] AndroidManifest.xml:19:5-20
MERGED from [com.google.android.gms:play-services-basement:8.3.0] AndroidManifest.xml:20:5-24:19
MERGED from [com.android.support:support-v4:22.2.0] AndroidManifest.xml:22:5-20
MERGED from [com.google.android.gms:play-services-gcm:8.3.0] AndroidManifest.xml:24:5-20
MERGED from [com.google.android.gms:play-services-basement:8.3.0] AndroidManifest.xml:20:5-24:19
MERGED from [com.android.support:support-v4:22.2.0] AndroidManifest.xml:22:5-20
MERGED from [com.google.android.gms:play-services-measurement:8.3.0] AndroidManifest.xml:26:5-46:19
MERGED from [com.google.android.gms:play-services-basement:8.3.0] AndroidManifest.xml:20:5-24:19
MERGED from [com.android.support:support-v4:22.2.0] AndroidManifest.xml:22:5-20
MERGED from [com.google.android.gms:play-services-identity:8.3.0] AndroidManifest.xml:19:5-20
MERGED from [com.google.android.gms:play-services-basement:8.3.0] AndroidManifest.xml:20:5-24:19
MERGED from [com.android.support:support-v4:22.2.0] AndroidManifest.xml:22:5-20
MERGED from [com.google.android.gms:play-services-location:8.3.0] AndroidManifest.xml:19:5-20
MERGED from [com.google.android.gms:play-services-basement:8.3.0] AndroidManifest.xml:20:5-24:19
MERGED from [com.android.support:support-v4:22.2.0] AndroidManifest.xml:22:5-20
MERGED from [com.google.android.gms:play-services-maps:8.3.0] AndroidManifest.xml:27:5-20
MERGED from [com.google.android.gms:play-services-basement:8.3.0] AndroidManifest.xml:20:5-24:19
MERGED from [com.android.support:support-v4:22.2.0] AndroidManifest.xml:22:5-20
MERGED from [com.google.android.gms:play-services-maps:8.3.0] AndroidManifest.xml:27:5-20
MERGED from [com.google.android.gms:play-services-basement:8.3.0] AndroidManifest.xml:20:5-24:19
MERGED from [com.android.support:support-v4:22.2.0] AndroidManifest.xml:22:5-20
MERGED from [com.google.android.gms:play-services-measurement:8.3.0] AndroidManifest.xml:26:5-46:19
MERGED from [com.google.android.gms:play-services-basement:8.3.0] AndroidManifest.xml:20:5-24:19
MERGED from [com.android.support:support-v4:22.2.0] AndroidManifest.xml:22:5-20
MERGED from [com.google.android.gms:play-services-nearby:8.3.0] AndroidManifest.xml:20:5-20
MERGED from [com.google.android.gms:play-services-basement:8.3.0] AndroidManifest.xml:20:5-24:19
MERGED from [com.android.support:support-v4:22.2.0] AndroidManifest.xml:22:5-20
MERGED from [com.google.android.gms:play-services-panorama:8.3.0] AndroidManifest.xml:19:5-20
MERGED from [com.google.android.gms:play-services-basement:8.3.0] AndroidManifest.xml:20:5-24:19
MERGED from [com.android.support:support-v4:22.2.0] AndroidManifest.xml:22:5-20
MERGED from [com.google.android.gms:play-services-plus:8.3.0] AndroidManifest.xml:19:5-20
MERGED from [com.google.android.gms:play-services-basement:8.3.0] AndroidManifest.xml:20:5-24:19
MERGED from [com.android.support:support-v4:22.2.0] AndroidManifest.xml:22:5-20
MERGED from [com.google.android.gms:play-services-safetynet:8.3.0] AndroidManifest.xml:19:5-20
MERGED from [com.google.android.gms:play-services-basement:8.3.0] AndroidManifest.xml:20:5-24:19
MERGED from [com.android.support:support-v4:22.2.0] AndroidManifest.xml:22:5-20
MERGED from [com.google.android.gms:play-services-vision:8.3.0] AndroidManifest.xml:5:5-20
MERGED from [com.google.android.gms:play-services-basement:8.3.0] AndroidManifest.xml:20:5-24:19
MERGED from [com.android.support:support-v4:22.2.0] AndroidManifest.xml:22:5-20
MERGED from [com.google.android.gms:play-services-basement:8.3.0] AndroidManifest.xml:20:5-24:19
MERGED from [com.android.support:support-v4:22.2.0] AndroidManifest.xml:22:5-20
MERGED from [com.google.android.gms:play-services-identity:8.3.0] AndroidManifest.xml:19:5-20
MERGED from [com.google.android.gms:play-services-basement:8.3.0] AndroidManifest.xml:20:5-24:19
MERGED from [com.android.support:support-v4:22.2.0] AndroidManifest.xml:22:5-20
MERGED from [com.google.android.gms:play-services-maps:8.3.0] AndroidManifest.xml:27:5-20
MERGED from [com.google.android.gms:play-services-basement:8.3.0] AndroidManifest.xml:20:5-24:19
MERGED from [com.android.support:support-v4:22.2.0] AndroidManifest.xml:22:5-20
MERGED from [com.google.android.gms:play-services-wearable:8.3.0] AndroidManifest.xml:19:5-20
MERGED from [com.google.android.gms:play-services-basement:8.3.0] AndroidManifest.xml:20:5-24:19
MERGED from [com.android.support:support-v4:22.2.0] AndroidManifest.xml:22:5-20
	android:label
		ADDED from src\main\AndroidManifest.xml:20:9-41
	android:allowBackup
		ADDED from src\main\AndroidManifest.xml:18:9-35
	android:icon
		ADDED from src\main\AndroidManifest.xml:19:9-45
	android:theme
		ADDED from src\main\AndroidManifest.xml:21:9-40
meta-data#com.google.android.gms.version
ADDED from src\main\AndroidManifest.xml:23:9-25:69
MERGED from [com.google.android.gms:play-services-basement:8.3.0] AndroidManifest.xml:21:9-23:69
MERGED from [com.google.android.gms:play-services-basement:8.3.0] AndroidManifest.xml:21:9-23:69
MERGED from [com.google.android.gms:play-services-basement:8.3.0] AndroidManifest.xml:21:9-23:69
MERGED from [com.google.android.gms:play-services-basement:8.3.0] AndroidManifest.xml:21:9-23:69
MERGED from [com.google.android.gms:play-services-basement:8.3.0] AndroidManifest.xml:21:9-23:69
MERGED from [com.google.android.gms:play-services-basement:8.3.0] AndroidManifest.xml:21:9-23:69
MERGED from [com.google.android.gms:play-services-basement:8.3.0] AndroidManifest.xml:21:9-23:69
MERGED from [com.google.android.gms:play-services-basement:8.3.0] AndroidManifest.xml:21:9-23:69
MERGED from [com.google.android.gms:play-services-basement:8.3.0] AndroidManifest.xml:21:9-23:69
MERGED from [com.google.android.gms:play-services-basement:8.3.0] AndroidManifest.xml:21:9-23:69
MERGED from [com.google.android.gms:play-services-basement:8.3.0] AndroidManifest.xml:21:9-23:69
MERGED from [com.google.android.gms:play-services-basement:8.3.0] AndroidManifest.xml:21:9-23:69
MERGED from [com.google.android.gms:play-services-basement:8.3.0] AndroidManifest.xml:21:9-23:69
MERGED from [com.google.android.gms:play-services-basement:8.3.0] AndroidManifest.xml:21:9-23:69
MERGED from [com.google.android.gms:play-services-basement:8.3.0] AndroidManifest.xml:21:9-23:69
MERGED from [com.google.android.gms:play-services-basement:8.3.0] AndroidManifest.xml:21:9-23:69
MERGED from [com.google.android.gms:play-services-basement:8.3.0] AndroidManifest.xml:21:9-23:69
MERGED from [com.google.android.gms:play-services-basement:8.3.0] AndroidManifest.xml:21:9-23:69
MERGED from [com.google.android.gms:play-services-basement:8.3.0] AndroidManifest.xml:21:9-23:69
MERGED from [com.google.android.gms:play-services-basement:8.3.0] AndroidManifest.xml:21:9-23:69
MERGED from [com.google.android.gms:play-services-basement:8.3.0] AndroidManifest.xml:21:9-23:69
MERGED from [com.google.android.gms:play-services-basement:8.3.0] AndroidManifest.xml:21:9-23:69
MERGED from [com.google.android.gms:play-services-basement:8.3.0] AndroidManifest.xml:21:9-23:69
MERGED from [com.google.android.gms:play-services-basement:8.3.0] AndroidManifest.xml:21:9-23:69
MERGED from [com.google.android.gms:play-services-basement:8.3.0] AndroidManifest.xml:21:9-23:69
MERGED from [com.google.android.gms:play-services-basement:8.3.0] AndroidManifest.xml:21:9-23:69
MERGED from [com.google.android.gms:play-services-basement:8.3.0] AndroidManifest.xml:21:9-23:69
MERGED from [com.google.android.gms:play-services-basement:8.3.0] AndroidManifest.xml:21:9-23:69
MERGED from [com.google.android.gms:play-services-basement:8.3.0] AndroidManifest.xml:21:9-23:69
MERGED from [com.google.android.gms:play-services-basement:8.3.0] AndroidManifest.xml:21:9-23:69
MERGED from [com.google.android.gms:play-services-basement:8.3.0] AndroidManifest.xml:21:9-23:69
	android:value
		ADDED from src\main\AndroidManifest.xml:25:13-66
	android:name
		ADDED from src\main\AndroidManifest.xml:24:13-58
meta-data#com.google.android.geo.API_KEY
ADDED from src\main\AndroidManifest.xml:28:9-30:70
	android:value
		ADDED from src\main\AndroidManifest.xml:30:13-68
	android:name
		ADDED from src\main\AndroidManifest.xml:29:13-58
activity#com.aaaa.Diningwithme.LoginActivity
ADDED from src\main\AndroidManifest.xml:32:9-40:20
	android:label
		ADDED from src\main\AndroidManifest.xml:34:13-34
	android:name
		ADDED from src\main\AndroidManifest.xml:33:13-42
intent-filter#android.intent.action.MAIN+android.intent.category.LAUNCHER
ADDED from src\main\AndroidManifest.xml:35:13-39:29
action#android.intent.action.MAIN
ADDED from src\main\AndroidManifest.xml:36:17-69
	android:name
		ADDED from src\main\AndroidManifest.xml:36:25-66
category#android.intent.category.LAUNCHER
ADDED from src\main\AndroidManifest.xml:38:17-77
	android:name
		ADDED from src\main\AndroidManifest.xml:38:27-74
activity#com.aaaa.Diningwithme.MainActivity
ADDED from src\main\AndroidManifest.xml:41:9-44:20
	android:label
		ADDED from src\main\AndroidManifest.xml:43:13-45
	android:name
		ADDED from src\main\AndroidManifest.xml:42:13-41
activity#com.aaaa.Diningwithme.DiningActivity
ADDED from src\main\AndroidManifest.xml:45:9-48:20
	android:label
		ADDED from src\main\AndroidManifest.xml:47:13-35
	android:name
		ADDED from src\main\AndroidManifest.xml:46:13-43
activity#com.aaaa.Diningwithme.ProfileActivity
ADDED from src\main\AndroidManifest.xml:49:9-53:20
	android:label
		ADDED from src\main\AndroidManifest.xml:51:13-36
	android:theme
		ADDED from src\main\AndroidManifest.xml:52:13-47
	android:name
		ADDED from src\main\AndroidManifest.xml:50:13-44
activity#com.aaaa.Diningwithme.StartActivity
ADDED from src\main\AndroidManifest.xml:54:9-57:20
	android:label
		ADDED from src\main\AndroidManifest.xml:56:13-34
	android:name
		ADDED from src\main\AndroidManifest.xml:55:13-42
activity#com.aaaa.Diningwithme.CreateUserActivity
ADDED from src\main\AndroidManifest.xml:58:9-61:20
	android:label
		ADDED from src\main\AndroidManifest.xml:60:13-35
	android:name
		ADDED from src\main\AndroidManifest.xml:59:13-47
activity#com.aaaa.Diningwithme.PersoninfoActivity
ADDED from src\main\AndroidManifest.xml:62:9-65:20
	android:label
		ADDED from src\main\AndroidManifest.xml:64:13-49
	android:name
		ADDED from src\main\AndroidManifest.xml:63:13-47
activity#com.aaaa.Diningwithme.LocationActivity
ADDED from src\main\AndroidManifest.xml:66:9-70:20
	android:label
		ADDED from src\main\AndroidManifest.xml:68:13-49
	android:theme
		ADDED from src\main\AndroidManifest.xml:69:13-57
	android:name
		ADDED from src\main\AndroidManifest.xml:67:13-45
uses-permission#android.permission.ACCESS_NETWORK_STATE
ADDED from [com.google.android.gms:play-services-ads:8.3.0] AndroidManifest.xml:21:5-78
MERGED from [com.google.android.gms:play-services-analytics:8.3.0] AndroidManifest.xml:22:5-79
MERGED from [com.google.android.gms:play-services-maps:8.3.0] AndroidManifest.xml:20:5-78
MERGED from [com.google.android.gms:play-services-measurement:8.3.0] AndroidManifest.xml:22:5-79
MERGED from [com.google.android.gms:play-services-maps:8.3.0] AndroidManifest.xml:20:5-78
MERGED from [com.google.android.gms:play-services-maps:8.3.0] AndroidManifest.xml:20:5-78
MERGED from [com.google.android.gms:play-services-measurement:8.3.0] AndroidManifest.xml:22:5-79
MERGED from [com.google.android.gms:play-services-nearby:8.3.0] AndroidManifest.xml:19:5-79
MERGED from [com.google.android.gms:play-services-maps:8.3.0] AndroidManifest.xml:20:5-78
	android:name
		ADDED from [com.google.android.gms:play-services-ads:8.3.0] AndroidManifest.xml:21:22-76
activity#com.google.android.gms.ads.AdActivity
ADDED from [com.google.android.gms:play-services-ads:8.3.0] AndroidManifest.xml:26:9-29:64
	android:configChanges
		ADDED from [com.google.android.gms:play-services-ads:8.3.0] AndroidManifest.xml:28:13-122
	android:theme
		ADDED from [com.google.android.gms:play-services-ads:8.3.0] AndroidManifest.xml:29:13-61
	android:name
		ADDED from [com.google.android.gms:play-services-ads:8.3.0] AndroidManifest.xml:27:13-65
activity#com.google.android.gms.ads.purchase.InAppPurchaseActivity
ADDED from [com.google.android.gms:play-services-ads:8.3.0] AndroidManifest.xml:30:9-31:52
	android:theme
		ADDED from [com.google.android.gms:play-services-ads:8.3.0] AndroidManifest.xml:31:13-50
	android:name
		ADDED from [com.google.android.gms:play-services-ads:8.3.0] AndroidManifest.xml:30:19-91
activity#com.google.android.gms.auth.api.signin.internal.SignInHubActivity
ADDED from [com.google.android.gms:play-services-auth:8.3.0] AndroidManifest.xml:21:9-24:46
	android:excludeFromRecents
		ADDED from [com.google.android.gms:play-services-auth:8.3.0] AndroidManifest.xml:23:19-52
	android:exported
		ADDED from [com.google.android.gms:play-services-auth:8.3.0] AndroidManifest.xml:24:19-43
	android:theme